#
# A fatal error has been detected by the Java Runtime Environment:
#
#  SIGSEGV (0xb) at pc=0x000000010bc49328, pid=3053, tid=16143
#
# JRE version: Java(TM) SE Runtime Environment (7.0_51-b13) (build 1.7.0_51-b13)
# Java VM: Java HotSpot(TM) 64-Bit Server VM (24.51-b03 mixed mode bsd-amd64 compressed oops)
# Problematic frame:
# V  [libjvm.dylib+0x249328]
#
# Failed to write core dump. Core dumps have been disabled. To enable core dumping, try "ulimit -c unlimited" before starting Java again
#
# If you would like to submit a bug report, please visit:
#   http://bugreport.sun.com/bugreport/crash.jsp
#

---------------  T H R E A D  ---------------

Current thread (0x00007f820a82b800):  JavaThread "JDWP Transport Listener: dt_socket" daemon [_thread_in_vm, id=16143, stack(0x00000001151b9000,0x00000001152b9000)]

siginfo:si_signo=SIGSEGV: si_errno=0, si_code=1 (SEGV_MAPERR), si_addr=0x0000000000000000

Registers:
RAX=0x0000000000000000, RBX=0x00000001152b7cd0, RCX=0x00000000000003d8, RDX=0x000000010c5ea360
RSP=0x00000001152b7c40, RBP=0x00000001152b7c60, RSI=0x00007f820b042618, RDI=0x00007f820b042618
R8 =0x00007f820b0426a8, R9 =0x00000001152b7d60, R10=0x000000010c484450, R11=0xffff807f0a2756b8
R12=0x00000001152b7cd0, R13=0x00007f820a82b800, R14=0x00000001152b7d00, R15=0x00007f820b042618
RIP=0x000000010bc49328, EFLAGS=0x0000000000010246, ERR=0x0000000000000004
  TRAPNO=0x000000000000000e

Top of Stack: (sp=0x00000001152b7c40)
0x00000001152b7c40:   00000001152b7d00 00007f820a4015b0
0x00000001152b7c50:   00000001152b7cd0 00000001152b82f0
0x00000001152b7c60:   00000001152b7cc0 000000010bc47be4
0x00000001152b7c70:   00000001152b7cb0 000000010bc49140
0x00000001152b7c80:   0743000742000741 00000001152b7d50
0x00000001152b7c90:   00000001152b7d50 00007f820b042010
0x00000001152b7ca0:   00007f820a4015b0 00007f820b042610
0x00000001152b7cb0:   000000000000040a 00000001152b82f0
0x00000001152b7cc0:   00000001152b82c0 000000010bf1e730
0x00000001152b7cd0:   00007f820a60e4d0 00000000000003d8
0x00000001152b7ce0:   0000000000000000 0000000100000000
0x00000001152b7cf0:   0000000000000000 00007f820a60e4d0
0x00000001152b7d00:   00000007bb089a18 00000007bae2cca8
0x00000001152b7d10:   00000007bb089050 00000007bb0898a0
0x00000001152b7d20:   00000007bae2cca8 00000007bb089050
0x00000001152b7d30:   00000007bae0a160 00000007bae2cca8
0x00000001152b7d40:   00000007bae02dd8 00000007bae84e00
0x00000001152b7d50:   000000010c484450 000000010c484450
0x00000001152b7d60:   00000007bb089a18 00000007bae2cca8
0x00000001152b7d70:   00000007bb089050 00000007bb0898a0
0x00000001152b7d80:   00000007bae2cca8 00000007bb089050
0x00000001152b7d90:   00000007bae0a160 00000007bae2cca8
0x00000001152b7da0:   00000007bae02dd8 00000007bae84e00
0x00000001152b7db0:   00000007bae2cca8 00000007bae83c50
0x00000001152b7dc0:   00000007bb089a18 00000007bae2cca8
0x00000001152b7dd0:   00000007bb089050 00000007bb0898a0
0x00000001152b7de0:   00000007bae2cca8 00000007bb089050
0x00000001152b7df0:   00000007bae0a160 00000007bae2cca8
0x00000001152b7e00:   00000007bae02dd8 00000007bae84e00
0x00000001152b7e10:   00000007bae2cca8 00000007bae83c50
0x00000001152b7e20:   00000007bb089a18 00000007bae2cca8
0x00000001152b7e30:   00000007bb089050 00000007bb0898a0 

Instructions: (pc=0x000000010bc49328)
0x000000010bc49308:   fd ff ff eb 71 49 83 7f 10 00 74 10 4c 89 e7 4c
0x000000010bc49318:   89 fe 4c 89 f2 e8 ca fc ff ff eb 5a 49 8b 47 20
0x000000010bc49328:   48 8b 08 48 8b 78 08 48 83 c0 10 49 89 04 24 49
0x000000010bc49338:   89 44 24 28 49 89 4c 24 20 49 89 7c 24 08 e8 87 

Register to memory mapping:

RAX=0x0000000000000000 is an unknown value
RBX=0x00000001152b7cd0 is pointing into the stack for thread: 0x00007f820a82b800
RCX=0x00000000000003d8 is an unknown value
RDX=0x000000010c5ea360 is pointing into interpreter code (not bytecode specific)
RSP=0x00000001152b7c40 is pointing into the stack for thread: 0x00007f820a82b800
RBP=0x00000001152b7c60 is pointing into the stack for thread: 0x00007f820a82b800
RSI=0x00007f820b042618 is an unknown value
RDI=0x00007f820b042618 is an unknown value
R8 =0x00007f820b0426a8 is an unknown value
R9 =0x00000001152b7d60 is pointing into the stack for thread: 0x00007f820a82b800
R10=0x000000010c484450 is pointing into the stack for thread: 0x00007f820a809000
R11=0xffff807f0a2756b8 is an unknown value
R12=0x00000001152b7cd0 is pointing into the stack for thread: 0x00007f820a82b800
R13=0x00007f820a82b800 is a thread
R14=0x00000001152b7d00 is pointing into the stack for thread: 0x00007f820a82b800
R15=0x00007f820b042618 is an unknown value


Stack: [0x00000001151b9000,0x00000001152b9000],  sp=0x00000001152b7c40,  free space=1019k
Native frames: (J=compiled Java code, j=interpreted, Vv=VM code, C=native code)
V  [libjvm.dylib+0x249328]
V  [libjvm.dylib+0x247be4]
V  [libjvm.dylib+0x51e730]
V  [libjvm.dylib+0x51e133]
V  [libjvm.dylib+0x36658c]
V  [libjvm.dylib+0x36692f]
V  [libjvm.dylib+0x36252a]
V  [libjvm.dylib+0x337fda]
C  [libjdwp.dylib+0x8866]  frames+0x1f5
C  [libjdwp.dylib+0xe6b2]  debugLoop_run+0x1ce
C  [libjdwp.dylib+0x1f132]  attachThread+0x4d
V  [libjvm.dylib+0x373f9e]
V  [libjvm.dylib+0x4efb57]
V  [libjvm.dylib+0x4f125f]
V  [libjvm.dylib+0x41b1d6]
C  [libsystem_pthread.dylib+0x32fc]  _pthread_body+0x83
C  [libsystem_pthread.dylib+0x3279]  _pthread_body+0x0
C  [libsystem_pthread.dylib+0x14b1]  thread_start+0xd


---------------  P R O C E S S  ---------------

Java Threads: ( => current thread )
  0x00007f820a826800 JavaThread "SIGTERM handler" daemon [_thread_blocked, id=17415, stack(0x00000001153bf000,0x00000001154bf000)]
  0x00007f820a836800 JavaThread "Service Thread" daemon [_thread_blocked, id=18947, stack(0x00000001156c8000,0x00000001157c8000)]
  0x00007f820b02d000 JavaThread "C2 CompilerThread1" daemon [_thread_blocked, id=18435, stack(0x00000001155c5000,0x00000001156c5000)]
  0x00007f820c022800 JavaThread "C2 CompilerThread0" daemon [_thread_blocked, id=17923, stack(0x00000001154c2000,0x00000001155c2000)]
  0x00007f820a82c800 JavaThread "JDWP Event Helper Thread" daemon [_thread_blocked, id=16899, stack(0x00000001152bc000,0x00000001153bc000)]
=>0x00007f820a82b800 JavaThread "JDWP Transport Listener: dt_socket" daemon [_thread_in_vm, id=16143, stack(0x00000001151b9000,0x00000001152b9000)]
  0x00007f820a81f000 JavaThread "Finalizer" daemon [_thread_blocked, id=11523, stack(0x00000001137e6000,0x00000001138e6000)]
  0x00007f820c018000 JavaThread "Reference Handler" daemon [_thread_blocked, id=11011, stack(0x00000001136e3000,0x00000001137e3000)]
  0x00007f820a809000 JavaThread "main" [_thread_blocked, id=4867, stack(0x000000010c454000,0x000000010c554000)]

Other Threads:
  0x00007f820b809000 VMThread [stack: 0x00000001135e0000,0x00000001136e0000] [id=10499]

VM state:synchronizing (normal execution)

VM Mutex/Monitor currently owned by a thread:  ([mutex/lock_event])
[0x00007f820a402640] Threads_lock - owner thread: 0x00007f820b809000

Heap
 PSYoungGen      total 19456K, used 2028K [0x00000007eaa80000, 0x00000007ec000000, 0x0000000800000000)
  eden space 16896K, 12% used [0x00000007eaa80000,0x00000007eac7b0a0,0x00000007ebb00000)
  from space 2560K, 0% used [0x00000007ebd80000,0x00000007ebd80000,0x00000007ec000000)
  to   space 2560K, 0% used [0x00000007ebb00000,0x00000007ebb00000,0x00000007ebd80000)
 ParOldGen       total 43520K, used 0K [0x00000007c0000000, 0x00000007c2a80000, 0x00000007eaa80000)
  object space 43520K, 0% used [0x00000007c0000000,0x00000007c0000000,0x00000007c2a80000)
 PSPermGen       total 21504K, used 2613K [0x00000007bae00000, 0x00000007bc300000, 0x00000007c0000000)
  object space 21504K, 12% used [0x00000007bae00000,0x00000007bb08d6c8,0x00000007bc300000)

Card table byte_map: [0x000000010f6a5000,0x000000010f8cf000] byte_map_base: 0x000000010b8ce000

Polling page: 0x000000010b1fc000

Code Cache  [0x000000010c5e5000, 0x000000010c855000, 0x000000010f5e5000)
 total_blobs=175 nmethods=2 adapters=136 free_code_cache=48771Kb largest_free_block=49919296

Compilation events (4 events):
Event: 1.750 Thread 0x00007f820c022800    1             java.lang.String::hashCode (55 bytes)
Event: 1.781 Thread 0x00007f820b02d000    2             java.lang.String::indexOf (70 bytes)
Event: 1.796 Thread 0x00007f820c022800 nmethod 1 0x000000010c649710 code [0x000000010c649860, 0x000000010c649a18]
Event: 1.796 Thread 0x00007f820b02d000 nmethod 2 0x000000010c644910 code [0x000000010c644a60, 0x000000010c644c48]

GC Heap History (0 events):
No events

Deoptimization events (0 events):
No events

Internal exceptions (10 events):
Event: 1.805 Thread 0x00007f820a809000 Threw 0x00000007eab67c58 at /HUDSON/workspace/7u-2-build-macosx-x86_64/jdk7u51/527/hotspot/src/share/vm/prims/jni.cpp:717
Event: 1.806 Thread 0x00007f820a809000 Threw 0x00000007eab67d78 at /HUDSON/workspace/7u-2-build-macosx-x86_64/jdk7u51/527/hotspot/src/share/vm/prims/jvm.cpp:1244
Event: 1.806 Thread 0x00007f820a809000 Threw 0x00000007eab67ea0 at /HUDSON/workspace/7u-2-build-macosx-x86_64/jdk7u51/527/hotspot/src/share/vm/prims/jvm.cpp:1244
Event: 1.817 Thread 0x00007f820a809000 Threw 0x00000007eab79858 at /HUDSON/workspace/7u-2-build-macosx-x86_64/jdk7u51/527/hotspot/src/share/vm/prims/jni.cpp:717
Event: 1.817 Thread 0x00007f820a809000 Threw 0x00000007eab79978 at /HUDSON/workspace/7u-2-build-macosx-x86_64/jdk7u51/527/hotspot/src/share/vm/prims/jvm.cpp:1244
Event: 1.817 Thread 0x00007f820a809000 Threw 0x00000007eab79aa0 at /HUDSON/workspace/7u-2-build-macosx-x86_64/jdk7u51/527/hotspot/src/share/vm/prims/jvm.cpp:1244
Event: 1.817 Thread 0x00007f820a809000 Threw 0x00000007eab79cf0 at /HUDSON/workspace/7u-2-build-macosx-x86_64/jdk7u51/527/hotspot/src/share/vm/prims/jvm.cpp:1244
Event: 1.846 Thread 0x00007f820a809000 Threw 0x00000007eab80c18 at /HUDSON/workspace/7u-2-build-macosx-x86_64/jdk7u51/527/hotspot/src/share/vm/prims/jvm.cpp:1244
Event: 1.866 Thread 0x00007f820a809000 Threw 0x00000007eab83ec8 at /HUDSON/workspace/7u-2-build-macosx-x86_64/jdk7u51/527/hotspot/src/share/vm/prims/jvm.cpp:1244
Event: 7.137 Thread 0x00007f820a809000 Threw 0x00000007eabb0990 at /HUDSON/workspace/7u-2-build-macosx-x86_64/jdk7u51/527/hotspot/src/share/vm/interpreter/interpreterRuntime.cpp:304

Events (10 events):
Event: 29.236 Thread 0x00007f820c019800 Thread exited: 0x00007f820c019800
Event: 36.763 loading class 0x0000000112391ac0
Event: 36.773 loading class 0x0000000112391ac0 done
Event: 36.774 Thread 0x00007f820a826800 Thread added: 0x00007f820a826800
Event: 36.774 loading class 0x0000000112351450
Event: 36.777 loading class 0x0000000112351450 done
Event: 36.777 loading class 0x00007f820c037d20
Event: 36.777 loading class 0x00007f820c037d20 done
Event: 36.787 Thread 0x00007f820c020000 Thread exited: 0x00007f820c020000
Event: 36.787 Executing VM operation: Exit


Dynamic libraries:
0x0000000004b47000 	/System/Library/Frameworks/Cocoa.framework/Versions/A/Cocoa
0x0000000004b47000 	/System/Library/Frameworks/Security.framework/Versions/A/Security
0x0000000004b47000 	/System/Library/Frameworks/ApplicationServices.framework/Versions/A/ApplicationServices
0x0000000004b47000 	/usr/lib/libz.1.dylib
0x0000000004b47000 	/usr/lib/libSystem.B.dylib
0x0000000004b47000 	/usr/lib/libobjc.A.dylib
0x0000000004b47000 	/System/Library/Frameworks/CoreFoundation.framework/Versions/A/CoreFoundation
0x0000000004b47000 	/System/Library/Frameworks/Foundation.framework/Versions/C/Foundation
0x0000000004b47000 	/System/Library/Frameworks/AppKit.framework/Versions/C/AppKit
0x0000000004b47000 	/System/Library/Frameworks/CoreData.framework/Versions/A/CoreData
0x0000000004b47000 	/System/Library/PrivateFrameworks/RemoteViewServices.framework/Versions/A/RemoteViewServices
0x0000000004b47000 	/System/Library/PrivateFrameworks/UIFoundation.framework/Versions/A/UIFoundation
0x0000000004b47000 	/System/Library/Frameworks/IOSurface.framework/Versions/A/IOSurface
0x0000000004b47000 	/System/Library/Frameworks/AudioToolbox.framework/Versions/A/AudioToolbox
0x0000000004b47000 	/System/Library/Frameworks/AudioUnit.framework/Versions/A/AudioUnit
0x0000000004b47000 	/System/Library/PrivateFrameworks/DataDetectorsCore.framework/Versions/A/DataDetectorsCore
0x0000000004b47000 	/System/Library/PrivateFrameworks/DesktopServicesPriv.framework/Versions/A/DesktopServicesPriv
0x0000000004b47000 	/System/Library/Frameworks/Carbon.framework/Versions/A/Frameworks/HIToolbox.framework/Versions/A/HIToolbox
0x0000000004b47000 	/System/Library/Frameworks/QuartzCore.framework/Versions/A/QuartzCore
0x0000000004b47000 	/System/Library/Frameworks/Carbon.framework/Versions/A/Frameworks/SpeechRecognition.framework/Versions/A/SpeechRecognition
0x0000000004b47000 	/usr/lib/libauto.dylib
0x0000000004b47000 	/usr/lib/libicucore.A.dylib
0x0000000004b47000 	/usr/lib/libxml2.2.dylib
0x0000000004b47000 	/System/Library/PrivateFrameworks/CoreUI.framework/Versions/A/CoreUI
0x0000000004b47000 	/System/Library/Frameworks/CoreAudio.framework/Versions/A/CoreAudio
0x0000000004b47000 	/System/Library/Frameworks/DiskArbitration.framework/Versions/A/DiskArbitration
0x0000000004b47000 	/usr/lib/liblangid.dylib
0x0000000004b47000 	/System/Library/PrivateFrameworks/MultitouchSupport.framework/Versions/A/MultitouchSupport
0x0000000004b47000 	/System/Library/Frameworks/IOKit.framework/Versions/A/IOKit
0x0000000004b47000 	/usr/lib/libDiagnosticMessagesClient.dylib
0x0000000004b47000 	/System/Library/Frameworks/CoreServices.framework/Versions/A/CoreServices
0x0000000004b47000 	/System/Library/PrivateFrameworks/PerformanceAnalysis.framework/Versions/A/PerformanceAnalysis
0x0000000004b47000 	/System/Library/PrivateFrameworks/GenerationalStorage.framework/Versions/A/GenerationalStorage
0x0000000004b47000 	/System/Library/Frameworks/OpenGL.framework/Versions/A/OpenGL
0x0000000004b47000 	/System/Library/PrivateFrameworks/Sharing.framework/Versions/A/Sharing
0x0000000004b47000 	/System/Library/Frameworks/CoreGraphics.framework/Versions/A/CoreGraphics
0x0000000004b47000 	/System/Library/Frameworks/CoreText.framework/Versions/A/CoreText
0x0000000004b47000 	/System/Library/Frameworks/ImageIO.framework/Versions/A/ImageIO
0x0000000004b47000 	/usr/lib/libextension.dylib
0x0000000004b47000 	/System/Library/PrivateFrameworks/Backup.framework/Versions/A/Backup
0x0000000004b47000 	/usr/lib/libarchive.2.dylib
0x0000000004b47000 	/System/Library/Frameworks/CFNetwork.framework/Versions/A/CFNetwork
0x0000000004b47000 	/System/Library/Frameworks/SystemConfiguration.framework/Versions/A/SystemConfiguration
0x0000000004b47000 	/usr/lib/libCRFSuite.dylib
0x0000000004b47000 	/usr/lib/libc++.1.dylib
0x0000000004b47000 	/usr/lib/libc++abi.dylib
0x0000000004b47000 	/usr/lib/system/libcache.dylib
0x0000000004b47000 	/usr/lib/system/libcommonCrypto.dylib
0x0000000004b47000 	/usr/lib/system/libcompiler_rt.dylib
0x0000000004b47000 	/usr/lib/system/libcopyfile.dylib
0x0000000004b47000 	/usr/lib/system/libcorecrypto.dylib
0x0000000004b47000 	/usr/lib/system/libdispatch.dylib
0x0000000004b47000 	/usr/lib/system/libdyld.dylib
0x0000000004b47000 	/usr/lib/system/libkeymgr.dylib
0x0000000004b47000 	/usr/lib/system/liblaunch.dylib
0x0000000004b47000 	/usr/lib/system/libmacho.dylib
0x0000000004b47000 	/usr/lib/system/libquarantine.dylib
0x0000000004b47000 	/usr/lib/system/libremovefile.dylib
0x0000000004b47000 	/usr/lib/system/libsystem_asl.dylib
0x0000000004b47000 	/usr/lib/system/libsystem_blocks.dylib
0x0000000004b47000 	/usr/lib/system/libsystem_c.dylib
0x0000000004b47000 	/usr/lib/system/libsystem_configuration.dylib
0x0000000004b47000 	/usr/lib/system/libsystem_coreservices.dylib
0x0000000004b47000 	/usr/lib/system/libsystem_coretls.dylib
0x0000000004b47000 	/usr/lib/system/libsystem_dnssd.dylib
0x0000000004b47000 	/usr/lib/system/libsystem_info.dylib
0x0000000004b47000 	/usr/lib/system/libsystem_kernel.dylib
0x0000000004b47000 	/usr/lib/system/libsystem_m.dylib
0x0000000004b47000 	/usr/lib/system/libsystem_malloc.dylib
0x0000000004b47000 	/usr/lib/system/libsystem_network.dylib
0x0000000004b47000 	/usr/lib/system/libsystem_networkextension.dylib
0x0000000004b47000 	/usr/lib/system/libsystem_notify.dylib
0x0000000004b47000 	/usr/lib/system/libsystem_platform.dylib
0x0000000004b47000 	/usr/lib/system/libsystem_pthread.dylib
0x0000000004b47000 	/usr/lib/system/libsystem_sandbox.dylib
0x0000000004b47000 	/usr/lib/system/libsystem_secinit.dylib
0x0000000004b47000 	/usr/lib/system/libsystem_stats.dylib
0x0000000004b47000 	/usr/lib/system/libsystem_trace.dylib
0x0000000004b47000 	/usr/lib/system/libunc.dylib
0x0000000004b47000 	/usr/lib/system/libunwind.dylib
0x0000000004b47000 	/usr/lib/system/libxpc.dylib
0x0000000004b47000 	/usr/lib/libbz2.1.0.dylib
0x0000000004b47000 	/usr/lib/liblzma.5.dylib
0x0000000004b47000 	/usr/lib/libbsm.0.dylib
0x0000000004b47000 	/usr/lib/libsqlite3.dylib
0x0000000004b47000 	/usr/lib/system/libkxld.dylib
0x0000000004b47000 	/usr/lib/libxar.1.dylib
0x0000000004b47000 	/usr/lib/libpam.2.dylib
0x0000000004b47000 	/usr/lib/libOpenScriptingUtil.dylib
0x0000000004b47000 	/System/Library/Frameworks/CoreServices.framework/Versions/A/Frameworks/FSEvents.framework/Versions/A/FSEvents
0x0000000004b47000 	/System/Library/Frameworks/CoreServices.framework/Versions/A/Frameworks/CarbonCore.framework/Versions/A/CarbonCore
0x0000000004b47000 	/System/Library/Frameworks/CoreServices.framework/Versions/A/Frameworks/Metadata.framework/Versions/A/Metadata
0x0000000004b47000 	/System/Library/Frameworks/CoreServices.framework/Versions/A/Frameworks/OSServices.framework/Versions/A/OSServices
0x0000000004b47000 	/System/Library/Frameworks/CoreServices.framework/Versions/A/Frameworks/SearchKit.framework/Versions/A/SearchKit
0x0000000004b47000 	/System/Library/Frameworks/CoreServices.framework/Versions/A/Frameworks/AE.framework/Versions/A/AE
0x0000000004b47000 	/System/Library/Frameworks/CoreServices.framework/Versions/A/Frameworks/LaunchServices.framework/Versions/A/LaunchServices
0x0000000004b47000 	/System/Library/Frameworks/CoreServices.framework/Versions/A/Frameworks/DictionaryServices.framework/Versions/A/DictionaryServices
0x0000000004b47000 	/System/Library/Frameworks/NetFS.framework/Versions/A/NetFS
0x0000000004b47000 	/System/Library/PrivateFrameworks/NetAuth.framework/Versions/A/NetAuth
0x0000000004b47000 	/System/Library/PrivateFrameworks/login.framework/Versions/A/Frameworks/loginsupport.framework/Versions/A/loginsupport
0x0000000004b47000 	/System/Library/PrivateFrameworks/TCC.framework/Versions/A/TCC
0x0000000004b47000 	/usr/lib/libmecabra.dylib
0x0000000004b47000 	/System/Library/PrivateFrameworks/LanguageModeling.framework/Versions/A/LanguageModeling
0x0000000004b47000 	/usr/lib/libcmph.dylib
0x0000000004b47000 	/usr/lib/libiconv.2.dylib
0x0000000004b47000 	/System/Library/Frameworks/OpenDirectory.framework/Versions/A/Frameworks/CFOpenDirectory.framework/Versions/A/CFOpenDirectory
0x0000000004b47000 	/System/Library/Frameworks/ServiceManagement.framework/Versions/A/ServiceManagement
0x0000000004b47000 	/usr/lib/libxslt.1.dylib
0x0000000004b47000 	/System/Library/Frameworks/Carbon.framework/Versions/A/Frameworks/Ink.framework/Versions/A/Ink
0x0000000004b47000 	/System/Library/Frameworks/ApplicationServices.framework/Versions/A/Frameworks/ATS.framework/Versions/A/ATS
0x0000000004b47000 	/System/Library/Frameworks/ApplicationServices.framework/Versions/A/Frameworks/ColorSync.framework/Versions/A/ColorSync
0x0000000004b47000 	/System/Library/Frameworks/ApplicationServices.framework/Versions/A/Frameworks/HIServices.framework/Versions/A/HIServices
0x0000000004b47000 	/System/Library/Frameworks/ApplicationServices.framework/Versions/A/Frameworks/LangAnalysis.framework/Versions/A/LangAnalysis
0x0000000004b47000 	/System/Library/Frameworks/ApplicationServices.framework/Versions/A/Frameworks/PrintCore.framework/Versions/A/PrintCore
0x0000000004b47000 	/System/Library/Frameworks/ApplicationServices.framework/Versions/A/Frameworks/QD.framework/Versions/A/QD
0x0000000004b47000 	/System/Library/Frameworks/ApplicationServices.framework/Versions/A/Frameworks/SpeechSynthesis.framework/Versions/A/SpeechSynthesis
0x0000000004b47000 	/System/Library/Frameworks/Accelerate.framework/Versions/A/Accelerate
0x0000000004b47000 	/System/Library/Frameworks/Accelerate.framework/Versions/A/Frameworks/vImage.framework/Versions/A/vImage
0x0000000004b47000 	/System/Library/Frameworks/Accelerate.framework/Versions/A/Frameworks/vecLib.framework/Versions/A/vecLib
0x0000000004b47000 	/System/Library/Frameworks/Accelerate.framework/Versions/A/Frameworks/vecLib.framework/Versions/A/libvDSP.dylib
0x0000000004b47000 	/System/Library/Frameworks/Accelerate.framework/Versions/A/Frameworks/vecLib.framework/Versions/A/libvMisc.dylib
0x0000000004b47000 	/System/Library/Frameworks/Accelerate.framework/Versions/A/Frameworks/vecLib.framework/Versions/A/libLAPACK.dylib
0x0000000004b47000 	/System/Library/Frameworks/Accelerate.framework/Versions/A/Frameworks/vecLib.framework/Versions/A/libBLAS.dylib
0x0000000004b47000 	/System/Library/Frameworks/Accelerate.framework/Versions/A/Frameworks/vecLib.framework/Versions/A/libLinearAlgebra.dylib
0x0000000004b47000 	/System/Library/Frameworks/ApplicationServices.framework/Versions/A/Frameworks/ATS.framework/Versions/A/Resources/libFontParser.dylib
0x0000000004b47000 	/System/Library/Frameworks/ApplicationServices.framework/Versions/A/Frameworks/ATS.framework/Versions/A/Resources/libFontRegistry.dylib
0x0000000004b47000 	/System/Library/PrivateFrameworks/AppleVPA.framework/Versions/A/AppleVPA
0x0000000004b47000 	/System/Library/PrivateFrameworks/AppleJPEG.framework/Versions/A/AppleJPEG
0x0000000004b47000 	/System/Library/Frameworks/ImageIO.framework/Versions/A/Resources/libJPEG.dylib
0x0000000004b47000 	/System/Library/Frameworks/ImageIO.framework/Versions/A/Resources/libTIFF.dylib
0x0000000004b47000 	/System/Library/Frameworks/ImageIO.framework/Versions/A/Resources/libPng.dylib
0x0000000004b47000 	/System/Library/Frameworks/ImageIO.framework/Versions/A/Resources/libGIF.dylib
0x0000000004b47000 	/System/Library/Frameworks/ImageIO.framework/Versions/A/Resources/libJP2.dylib
0x0000000004b47000 	/System/Library/Frameworks/ImageIO.framework/Versions/A/Resources/libRadiance.dylib
0x0000000004b47000 	/System/Library/Frameworks/CoreVideo.framework/Versions/A/CoreVideo
0x0000000004b47000 	/System/Library/Frameworks/OpenGL.framework/Versions/A/Libraries/libGLU.dylib
0x0000000004b47000 	/System/Library/Frameworks/OpenGL.framework/Versions/A/Libraries/libGFXShared.dylib
0x0000000004b47000 	/System/Library/Frameworks/OpenGL.framework/Versions/A/Libraries/libGL.dylib
0x0000000004b47000 	/System/Library/Frameworks/OpenGL.framework/Versions/A/Libraries/libGLImage.dylib
0x0000000004b47000 	/System/Library/Frameworks/OpenGL.framework/Versions/A/Libraries/libCVMSPluginSupport.dylib
0x0000000004b47000 	/System/Library/Frameworks/OpenGL.framework/Versions/A/Libraries/libCoreVMClient.dylib
0x0000000004b47000 	/usr/lib/libcups.2.dylib
0x0000000004b47000 	/System/Library/Frameworks/Kerberos.framework/Versions/A/Kerberos
0x0000000004b47000 	/System/Library/Frameworks/GSS.framework/Versions/A/GSS
0x0000000004b47000 	/usr/lib/libresolv.9.dylib
0x0000000004b47000 	/System/Library/PrivateFrameworks/Heimdal.framework/Versions/A/Heimdal
0x0000000004b47000 	/usr/lib/libheimdal-asn1.dylib
0x0000000004b47000 	/System/Library/Frameworks/OpenDirectory.framework/Versions/A/OpenDirectory
0x0000000004b47000 	/System/Library/PrivateFrameworks/CommonAuth.framework/Versions/A/CommonAuth
0x0000000004b47000 	/System/Library/Frameworks/SecurityFoundation.framework/Versions/A/SecurityFoundation
0x0000000004b47000 	/System/Library/Frameworks/QuartzCore.framework/Versions/A/Frameworks/CoreImage.framework/Versions/A/CoreImage
0x0000000004b47000 	/System/Library/PrivateFrameworks/CrashReporterSupport.framework/Versions/A/CrashReporterSupport
0x0000000004b47000 	/System/Library/Frameworks/OpenCL.framework/Versions/A/OpenCL
0x0000000004b47000 	/System/Library/PrivateFrameworks/FaceCore.framework/Versions/A/FaceCore
0x0000000004b47000 	/System/Library/PrivateFrameworks/Ubiquity.framework/Versions/A/Ubiquity
0x0000000004b47000 	/System/Library/PrivateFrameworks/IconServices.framework/Versions/A/IconServices
0x0000000004b47000 	/System/Library/PrivateFrameworks/ChunkingLibrary.framework/Versions/A/ChunkingLibrary
0x0000000004b47000 	/System/Library/PrivateFrameworks/Apple80211.framework/Versions/A/Apple80211
0x0000000004b47000 	/System/Library/Frameworks/CoreWLAN.framework/Versions/A/CoreWLAN
0x0000000004b47000 	/System/Library/Frameworks/IOBluetooth.framework/Versions/A/IOBluetooth
0x0000000004b47000 	/System/Library/PrivateFrameworks/CoreWiFi.framework/Versions/A/CoreWiFi
0x0000000004b47000 	/System/Library/Frameworks/CoreBluetooth.framework/Versions/A/CoreBluetooth
0x0000000004b47000 	/System/Library/PrivateFrameworks/DebugSymbols.framework/Versions/A/DebugSymbols
0x0000000004b47000 	/System/Library/PrivateFrameworks/CoreSymbolication.framework/Versions/A/CoreSymbolication
0x0000000004b47000 	/System/Library/PrivateFrameworks/Symbolication.framework/Versions/A/Symbolication
0x0000000004b47000 	/System/Library/PrivateFrameworks/SpeechRecognitionCore.framework/Versions/A/SpeechRecognitionCore
0x000000010ba00000 	/Library/Java/JavaVirtualMachines/jdk1.7.0_51.jdk/Contents/Home/jre/lib/server/libjvm.dylib
0x0000000004b47000 	/usr/lib/libstdc++.6.dylib
0x000000010c556000 	/Library/Java/JavaVirtualMachines/jdk1.7.0_51.jdk/Contents/Home/jre/lib/libverify.dylib
0x000000010c563000 	/Library/Java/JavaVirtualMachines/jdk1.7.0_51.jdk/Contents/Home/jre/lib/libjava.dylib
0x000000010c593000 	/Library/Java/JavaVirtualMachines/jdk1.7.0_51.jdk/Contents/Home/jre/lib/libjdwp.dylib
0x000000010c5d0000 	/Library/Java/JavaVirtualMachines/jdk1.7.0_51.jdk/Contents/Home/jre/lib/libnpt.dylib
0x000000010c5dc000 	/Library/Java/JavaVirtualMachines/jdk1.7.0_51.jdk/Contents/Home/jre/lib/libzip.dylib
0x00000001138e8000 	/System/Library/Frameworks/JavaVM.framework/Frameworks/JavaRuntimeSupport.framework/JavaRuntimeSupport
0x0000000113900000 	/System/Library/Frameworks/JavaVM.framework/Versions/A/Frameworks/JavaNativeFoundation.framework/Versions/A/JavaNativeFoundation
0x0000000113915000 	/System/Library/Frameworks/JavaVM.framework/Versions/A/JavaVM
0x0000000004b47000 	/System/Library/Frameworks/Carbon.framework/Versions/A/Carbon
0x0000000113922000 	/System/Library/PrivateFrameworks/JavaLaunching.framework/Versions/A/JavaLaunching
0x0000000004b47000 	/System/Library/Frameworks/Carbon.framework/Versions/A/Frameworks/CommonPanels.framework/Versions/A/CommonPanels
0x0000000004b47000 	/System/Library/Frameworks/Carbon.framework/Versions/A/Frameworks/Help.framework/Versions/A/Help
0x0000000004b47000 	/System/Library/Frameworks/Carbon.framework/Versions/A/Frameworks/ImageCapture.framework/Versions/A/ImageCapture
0x0000000004b47000 	/System/Library/Frameworks/Carbon.framework/Versions/A/Frameworks/OpenScripting.framework/Versions/A/OpenScripting
0x0000000004b47000 	/System/Library/Frameworks/Carbon.framework/Versions/A/Frameworks/Print.framework/Versions/A/Print
0x0000000004b47000 	/System/Library/Frameworks/Carbon.framework/Versions/A/Frameworks/SecurityHI.framework/Versions/A/SecurityHI
0x00000001151b2000 	/Library/Java/JavaVirtualMachines/jdk1.7.0_51.jdk/Contents/Home/jre/lib/libdt_socket.dylib

VM Arguments:
jvm_args: -agentlib:jdwp=transport=dt_socket,suspend=y,address=localhost:51598 -Dfile.encoding=UTF-8 
java_command: com.lookcapp.composite3.Main
Launcher Type: SUN_STANDARD

Environment Variables:
PATH=/usr/bin:/bin:/usr/sbin:/sbin
SHELL=/bin/bash

Signal Handlers:
SIGSEGV: [libjvm.dylib+0x525425], sa_mask[0]=0xfffefeff, sa_flags=0x00000043
SIGBUS: [libjvm.dylib+0x525425], sa_mask[0]=0xfffefeff, sa_flags=0x00000042
SIGFPE: [libjvm.dylib+0x41892a], sa_mask[0]=0xfffefeff, sa_flags=0x00000042
SIGPIPE: [libjvm.dylib+0x41892a], sa_mask[0]=0xfffefeff, sa_flags=0x00000042
SIGXFSZ: [libjvm.dylib+0x41892a], sa_mask[0]=0xfffefeff, sa_flags=0x00000042
SIGILL: [libjvm.dylib+0x41892a], sa_mask[0]=0xfffefeff, sa_flags=0x00000042
SIGUSR1: SIG_DFL, sa_mask[0]=0x00000000, sa_flags=0x00000000
SIGUSR2: [libjvm.dylib+0x41841c], sa_mask[0]=0x00000004, sa_flags=0x00000042
SIGHUP: [libjvm.dylib+0x4166ab], sa_mask[0]=0xfffefeff, sa_flags=0x00000042
SIGINT: [libjvm.dylib+0x4166ab], sa_mask[0]=0xfffefeff, sa_flags=0x00000042
SIGTERM: [libjvm.dylib+0x4166ab], sa_mask[0]=0xfffefeff, sa_flags=0x00000042
SIGQUIT: [libjvm.dylib+0x4166ab], sa_mask[0]=0xfffefeff, sa_flags=0x00000042


---------------  S Y S T E M  ---------------

OS:Bsduname:Darwin 14.0.0 Darwin Kernel Version 14.0.0: Fri Sep 19 00:26:44 PDT 2014; root:xnu-2782.1.97~2/RELEASE_X86_64 x86_64
rlimit: STACK 8192k, CORE 0k, NPROC 709, NOFILE 10240, AS infinity
load average:3.48 3.89 3.89

CPU:total 4 (2 cores per cpu, 2 threads per core) family 6 model 42 stepping 7, cmov, cx8, fxsr, mmx, sse, sse2, sse3, ssse3, sse4.1, sse4.2, popcnt, avx, aes, ht, tsc, tscinvbit

Memory: 4k page, physical 4194304k(1048576k free)

/proc/meminfo:


vm_info: Java HotSpot(TM) 64-Bit Server VM (24.51-b03) for bsd-amd64 JRE (1.7.0_51-b13), built on Dec 18 2013 18:45:56 by "java_re" with gcc 4.2.1 (Based on Apple Inc. build 5658) (LLVM build 2336.11.00)

time: Tue Dec 16 17:49:32 2014
elapsed time: 36 seconds

